D:\DOCUMENTS\C++ PROJECTS\DONG\DEBUG\DONG.EXE
D:\DOCUMENTS\C++ PROJECTS\DONG\DEBUG\DONG.ILK
D:\DOCUMENTS\C++ PROJECTS\DONG\DEBUG\DONG.PDB
D:\DOCUMENTS\C++ PROJECTS\DONG\DONG\DEBUG\AUDIOCONT.OBJ
D:\DOCUMENTS\C++ PROJECTS\DONG\DONG\DEBUG\BACKGROUND.OBJ
D:\DOCUMENTS\C++ PROJECTS\DONG\DONG\DEBUG\BALL.OBJ
D:\DOCUMENTS\C++ PROJECTS\DONG\DONG\DEBUG\BORDER.OBJ
D:\DOCUMENTS\C++ PROJECTS\DONG\DONG\DEBUG\DONG.EXE.EMBED.MANIFEST
D:\DOCUMENTS\C++ PROJECTS\DONG\DONG\DEBUG\DONG.EXE.EMBED.MANIFEST.RES
D:\DOCUMENTS\C++ PROJECTS\DONG\DONG\DEBUG\DONG.EXE.INTERMEDIATE.MANIFEST
D:\DOCUMENTS\C++ PROJECTS\DONG\DONG\DEBUG\DONG.PCH
D:\DOCUMENTS\C++ PROJECTS\DONG\DONG\DEBUG\DONG.RES
D:\DOCUMENTS\C++ PROJECTS\DONG\DONG\DEBUG\MAIN.OBJ
D:\DOCUMENTS\C++ PROJECTS\DONG\DONG\DEBUG\MAINOBJECT.OBJ
D:\DOCUMENTS\C++ PROJECTS\DONG\DONG\DEBUG\PADDLE.OBJ
D:\DOCUMENTS\C++ PROJECTS\DONG\DONG\DEBUG\SCOREITEM.OBJ
D:\DOCUMENTS\C++ PROJECTS\DONG\DONG\DEBUG\STDAFX.OBJ
D:\DOCUMENTS\C++ PROJECTS\DONG\DONG\DEBUG\TITLESCREEN.OBJ
D:\DOCUMENTS\C++ PROJECTS\DONG\DONG\DEBUG\VC100.PDB
D:\UP689459\DONG\DEBUG\DONG.EXE
D:\UP689459\DONG\DEBUG\DONG.ILK
D:\UP689459\DONG\DEBUG\DONG.PDB
D:\UP689459\DONG\DONG\DEBUG\AUDIOCONT.OBJ
D:\UP689459\DONG\DONG\DEBUG\BACKGROUND.OBJ
D:\UP689459\DONG\DONG\DEBUG\BALL.OBJ
D:\UP689459\DONG\DONG\DEBUG\BORDER.OBJ
D:\UP689459\Dong\Dong\Debug\cl.command.1.tlog
D:\UP689459\Dong\Dong\Debug\CL.read.1.tlog
D:\UP689459\Dong\Dong\Debug\CL.write.1.tlog
D:\UP689459\Dong\Dong\Debug\Dong.exe.embed.manifest
D:\UP689459\DONG\DONG\DEBUG\DONG.EXE.EMBED.MANIFEST.RES
D:\UP689459\DONG\DONG\DEBUG\DONG.EXE.INTERMEDIATE.MANIFEST
D:\UP689459\DONG\DONG\DEBUG\DONG.PCH
D:\UP689459\DONG\DONG\DEBUG\DONG.RES
D:\UP689459\Dong\Dong\Debug\Dong.vcxprojResolveAssemblyReference.cache
D:\UP689459\Dong\Dong\Debug\Dong.write.1.tlog
D:\UP689459\Dong\Dong\Debug\Dong_manifest.rc
D:\UP689459\Dong\Dong\Debug\link.5636.read.1.tlog
D:\UP689459\Dong\Dong\Debug\link.5636.write.1.tlog
D:\UP689459\Dong\Dong\Debug\link.5636-cvtres.read.1.tlog
D:\UP689459\Dong\Dong\Debug\link.5636-cvtres.write.1.tlog
D:\UP689459\Dong\Dong\Debug\link.command.1.tlog
D:\UP689459\Dong\Dong\Debug\link.read.1.tlog
D:\UP689459\Dong\Dong\Debug\link.write.1.tlog
D:\UP689459\Dong\Dong\Debug\link-cvtres.read.1.tlog
D:\UP689459\Dong\Dong\Debug\link-cvtres.write.1.tlog
D:\UP689459\DONG\DONG\DEBUG\MAIN.OBJ
D:\UP689459\DONG\DONG\DEBUG\MAINOBJECT.OBJ
D:\UP689459\Dong\Dong\Debug\mt.command.1.tlog
D:\UP689459\Dong\Dong\Debug\mt.read.1.tlog
D:\UP689459\Dong\Dong\Debug\mt.write.1.tlog
D:\UP689459\DONG\DONG\DEBUG\PADDLE.OBJ
D:\UP689459\Dong\Dong\Debug\rc.command.1.tlog
D:\UP689459\Dong\Dong\Debug\rc.read.1.tlog
D:\UP689459\Dong\Dong\Debug\rc.write.1.tlog
D:\UP689459\DONG\DONG\DEBUG\SCOREITEM.OBJ
D:\UP689459\DONG\DONG\DEBUG\STDAFX.OBJ
D:\UP689459\DONG\DONG\DEBUG\TITLESCREEN.OBJ
D:\UP689459\Dong\Dong\Debug\vc100.idb
D:\UP689459\DONG\DONG\DEBUG\VC100.PDB
