Build started 29-Sep-15 9:31:01 PM.
     1>Project "D:\Dropboxsync\Dropbox\Damon\Programming\C++ projects\PRGAP - artefact\Dong - Copy\Dong\Dong.vcxproj" on node 2 (build target(s)).
     1>InitializeBuildStatus:
         Creating "Debug\Dong.unsuccessfulbuild" because "AlwaysCreate" was specified.
       ClCompile:
         C:\Program Files (x86)\Microsoft Visual Studio 10.0\VC\bin\CL.exe /c /ZI /nologo /W3 /WX- /Od /Oy- /D WIN32 /D _DEBUG /D _WINDOWS /D _UNICODE /D UNICODE /Gm /EHsc /RTC1 /MDd /GS /fp:precise /Zc:wchar_t /Zc:forScope /Yc"StdAfx.h" /Fp"Debug\Dong.pch" /Fo"Debug\\" /Fd"Debug\vc100.pdb" /Gd /TP /analyze- /errorReport:prompt stdafx.cpp
         stdafx.cpp
         C:\Program Files (x86)\Microsoft Visual Studio 10.0\VC\bin\CL.exe /c /ZI /nologo /W3 /WX- /Od /Oy- /D WIN32 /D _DEBUG /D _WINDOWS /D _UNICODE /D UNICODE /Gm /EHsc /RTC1 /MDd /GS /fp:precise /Zc:wchar_t /Zc:forScope /Yu"StdAfx.h" /Fp"Debug\Dong.pch" /Fo"Debug\\" /Fd"Debug\vc100.pdb" /Gd /TP /analyze- /errorReport:prompt audiocont.cpp background.cpp ball.cpp border.cpp Main.cpp MainObject.cpp paddle.cpp scoreitem.cpp titlescreen.cpp
         titlescreen.cpp
         c:\program files (x86)\microsoft directx sdk (june 2010)\include\dinput.h: DIRECTINPUT_VERSION undefined. Defaulting to version 0x0800
     1>d:\dropboxsync\dropbox\damon\programming\c++ projects\prgap - artefact\dong - copy\dong\titlescreen.cpp(16): warning C4305: 'argument' : truncation from 'double' to 'float'
         scoreitem.cpp
         c:\program files (x86)\microsoft directx sdk (june 2010)\include\dinput.h: DIRECTINPUT_VERSION undefined. Defaulting to version 0x0800
         paddle.cpp
         c:\program files (x86)\microsoft directx sdk (june 2010)\include\dinput.h: DIRECTINPUT_VERSION undefined. Defaulting to version 0x0800
         MainObject.cpp
         c:\program files (x86)\microsoft directx sdk (june 2010)\include\dinput.h: DIRECTINPUT_VERSION undefined. Defaulting to version 0x0800
         Main.cpp
         c:\program files (x86)\microsoft directx sdk (june 2010)\include\dinput.h: DIRECTINPUT_VERSION undefined. Defaulting to version 0x0800
     1>d:\dropboxsync\dropbox\damon\programming\c++ projects\prgap - artefact\dong - copy\dong\main.cpp(949): warning C4018: '<' : signed/unsigned mismatch
         border.cpp
         c:\program files (x86)\microsoft directx sdk (june 2010)\include\dinput.h: DIRECTINPUT_VERSION undefined. Defaulting to version 0x0800
         ball.cpp
         c:\program files (x86)\microsoft directx sdk (june 2010)\include\dinput.h: DIRECTINPUT_VERSION undefined. Defaulting to version 0x0800
         background.cpp
         c:\program files (x86)\microsoft directx sdk (june 2010)\include\dinput.h: DIRECTINPUT_VERSION undefined. Defaulting to version 0x0800
         audiocont.cpp
         c:\program files (x86)\microsoft directx sdk (june 2010)\include\dinput.h: DIRECTINPUT_VERSION undefined. Defaulting to version 0x0800
         Generating Code...
       ResourceCompile:
         C:\Program Files (x86)\Microsoft SDKs\Windows\v7.0A\bin\rc.exe /D _UNICODE /D UNICODE /l"0x0409" /nologo /fo"Debug\Dong.res" Dong.rc 
       ManifestResourceCompile:
         C:\Program Files (x86)\Microsoft SDKs\Windows\v7.0A\bin\rc.exe /nologo /fo"Debug\Dong.exe.embed.manifest.res" Debug\Dong_manifest.rc 
       Link:
         C:\Program Files (x86)\Microsoft Visual Studio 10.0\VC\bin\link.exe /ERRORREPORT:PROMPT /OUT:"D:\Dropboxsync\Dropbox\Damon\Programming\C++ projects\PRGAP - artefact\Dong - Copy\Debug\Dong.exe" /INCREMENTAL /NOLOGO kernel32.lib user32.lib gdi32.lib winspool.lib comdlg32.lib advapi32.lib shell32.lib ole32.lib oleaut32.lib uuid.lib odbc32.lib odbccp32.lib /MANIFEST /ManifestFile:"Debug\Dong.exe.intermediate.manifest" /MANIFESTUAC:"level='asInvoker' uiAccess='false'" /DEBUG /PDB:"D:\Dropboxsync\Dropbox\Damon\Programming\C++ projects\PRGAP - artefact\Dong - Copy\Debug\Dong.pdb" /SUBSYSTEM:WINDOWS /TLBID:1 /DYNAMICBASE /NXCOMPAT /IMPLIB:"D:\Dropboxsync\Dropbox\Damon\Programming\C++ projects\PRGAP - artefact\Dong - Copy\Debug\Dong.lib" /MACHINE:X86 Debug\Dong.res
         Debug\Dong.exe.embed.manifest.res
         Debug\audiocont.obj
         Debug\background.obj
         Debug\ball.obj
         Debug\border.obj
         Debug\Main.obj
         Debug\MainObject.obj
         Debug\paddle.obj
         Debug\scoreitem.obj
         Debug\stdafx.obj
         Debug\titlescreen.obj
       Manifest:
         Deleting file "Debug\Dong.exe.embed.manifest".
         C:\Program Files (x86)\Microsoft SDKs\Windows\v7.0A\bin\mt.exe /nologo /verbose /out:"Debug\Dong.exe.embed.manifest" /manifest Debug\Dong.exe.intermediate.manifest
         C:\Program Files (x86)\Microsoft SDKs\Windows\v7.0A\bin\rc.exe /nologo /fo"Debug\Dong.exe.embed.manifest.res" Debug\Dong_manifest.rc 
       LinkEmbedManifest:
         C:\Program Files (x86)\Microsoft Visual Studio 10.0\VC\bin\link.exe /ERRORREPORT:PROMPT /OUT:"D:\Dropboxsync\Dropbox\Damon\Programming\C++ projects\PRGAP - artefact\Dong - Copy\Debug\Dong.exe" /INCREMENTAL /NOLOGO kernel32.lib user32.lib gdi32.lib winspool.lib comdlg32.lib advapi32.lib shell32.lib ole32.lib oleaut32.lib uuid.lib odbc32.lib odbccp32.lib /MANIFEST /ManifestFile:"Debug\Dong.exe.intermediate.manifest" /MANIFESTUAC:"level='asInvoker' uiAccess='false'" /DEBUG /PDB:"D:\Dropboxsync\Dropbox\Damon\Programming\C++ projects\PRGAP - artefact\Dong - Copy\Debug\Dong.pdb" /SUBSYSTEM:WINDOWS /TLBID:1 /DYNAMICBASE /NXCOMPAT /IMPLIB:"D:\Dropboxsync\Dropbox\Damon\Programming\C++ projects\PRGAP - artefact\Dong - Copy\Debug\Dong.lib" /MACHINE:X86 Debug\Dong.res
         Debug\Dong.exe.embed.manifest.res
         Debug\audiocont.obj
         Debug\background.obj
         Debug\ball.obj
         Debug\border.obj
         Debug\Main.obj
         Debug\MainObject.obj
         Debug\paddle.obj
         Debug\scoreitem.obj
         Debug\stdafx.obj
         Debug\titlescreen.obj
         Dong.vcxproj -> D:\Dropboxsync\Dropbox\Damon\Programming\C++ projects\PRGAP - artefact\Dong - Copy\Debug\Dong.exe
       FinalizeBuildStatus:
         Deleting file "Debug\Dong.unsuccessfulbuild".
         Touching "Debug\Dong.lastbuildstate".
     1>Done Building Project "D:\Dropboxsync\Dropbox\Damon\Programming\C++ projects\PRGAP - artefact\Dong - Copy\Dong\Dong.vcxproj" (build target(s)).

Build succeeded.

Time Elapsed 00:00:08.25
